[ 2017-08-28T10:27:50+08:00 ] 127.0.0.1 /index.php/Home/Inde
ERR: 无法加载控制器:Inde

[ 2017-08-28T16:23:41+08:00 ] 127.0.0.1 /index.php/Home/Login/welcome.html
INFO: [ app_begin ] --START--
INFO: Run Behavior\ReadHtmlCacheBehavior [ RunTime:0.001315s ]
INFO: [ app_begin ] --END-- [ RunTime:0.002255s ]
SQL: SHOW COLUMNS FROM `tbconfig2` [ RunTime:0.0097s ]
SQL: SELECT `pici` FROM `tbconfig2` LIMIT 1   [ RunTime:0.0006s ]
SQL: SHOW COLUMNS FROM `tballgrade` [ RunTime:0.0087s ]
SQL: SELECT * FROM `tballgrade` WHERE ( userid=6  and pici=2 ) LIMIT 1   [ RunTime:0.0007s ]
SQL: SELECT `timespan` FROM `tbconfig2` LIMIT 1   [ RunTime:0.0005s ]
INFO: [ view_parse ] --START--
INFO: [ template_filter ] --START--
INFO: Run Behavior\ContentReplaceBehavior [ RunTime:0.000132s ]
INFO: [ template_filter ] --END-- [ RunTime:0.000334s ]
INFO: Run Behavior\ParseTemplateBehavior [ RunTime:0.037268s ]
INFO: [ view_parse ] --END-- [ RunTime:0.037450s ]
INFO: [ view_filter ] --START--
INFO: Run Behavior\WriteHtmlCacheBehavior [ RunTime:0.000661s ]
INFO: [ view_filter ] --END-- [ RunTime:0.000744s ]
INFO: [ app_end ] --START--
INFO: Run Behavior\ShowPageTraceBehavior [ RunTime:0.001411s ]
INFO: [ app_end ] --END-- [ RunTime:0.001525s ]

[ 2017-08-28T16:23:43+08:00 ] 127.0.0.1 /index.php/Home/Login/welcome.html
INFO: [ app_begin ] --START--
INFO: Run Behavior\ReadHtmlCacheBehavior [ RunTime:0.001420s ]
INFO: [ app_begin ] --END-- [ RunTime:0.002527s ]
SQL: SHOW COLUMNS FROM `tbconfig2` [ RunTime:0.0043s ]
SQL: SELECT `pici` FROM `tbconfig2` LIMIT 1   [ RunTime:0.0003s ]
SQL: SHOW COLUMNS FROM `tballgrade` [ RunTime:0.0041s ]
SQL: SELECT * FROM `tballgrade` WHERE ( userid=6  and pici=2 ) LIMIT 1   [ RunTime:0.0004s ]
SQL: SELECT `timespan` FROM `tbconfig2` LIMIT 1   [ RunTime:0.0003s ]
INFO: [ view_parse ] --START--
INFO: [ template_filter ] --START--
INFO: Run Behavior\ContentReplaceBehavior [ RunTime:0.000068s ]
INFO: [ template_filter ] --END-- [ RunTime:0.000147s ]
INFO: Run Behavior\ParseTemplateBehavior [ RunTime:0.007972s ]
INFO: [ view_parse ] --END-- [ RunTime:0.008044s ]
INFO: [ view_filter ] --START--
INFO: Run Behavior\WriteHtmlCacheBehavior [ RunTime:0.000336s ]
INFO: [ view_filter ] --END-- [ RunTime:0.000384s ]
INFO: [ app_end ] --START--
INFO: Run Behavior\ShowPageTraceBehavior [ RunTime:0.000763s ]
INFO: [ app_end ] --END-- [ RunTime:0.000822s ]

[ 2017-08-28T16:24:09+08:00 ] 127.0.0.1 /index.php/Home/Login/welcome.html
INFO: [ app_begin ] --START--
INFO: Run Behavior\ReadHtmlCacheBehavior [ RunTime:0.001591s ]
INFO: [ app_begin ] --END-- [ RunTime:0.002385s ]
SQL: SHOW COLUMNS FROM `tbconfig2` [ RunTime:0.0073s ]
SQL: SELECT `pici` FROM `tbconfig2` LIMIT 1   [ RunTime:0.0006s ]
SQL: SHOW COLUMNS FROM `tballgrade` [ RunTime:0.0073s ]
SQL: SELECT * FROM `tballgrade` WHERE ( userid=6  and pici=2 ) LIMIT 1   [ RunTime:0.0007s ]
SQL: SELECT `timespan` FROM `tbconfig2` LIMIT 1   [ RunTime:0.0005s ]
INFO: [ view_parse ] --START--
INFO: [ template_filter ] --START--
INFO: Run Behavior\ContentReplaceBehavior [ RunTime:0.000117s ]
INFO: [ template_filter ] --END-- [ RunTime:0.000325s ]
INFO: Run Behavior\ParseTemplateBehavior [ RunTime:0.016319s ]
INFO: [ view_parse ] --END-- [ RunTime:0.016536s ]
INFO: [ view_filter ] --START--
INFO: Run Behavior\WriteHtmlCacheBehavior [ RunTime:0.000593s ]
INFO: [ view_filter ] --END-- [ RunTime:0.000678s ]
INFO: [ app_end ] --START--
INFO: Run Behavior\ShowPageTraceBehavior [ RunTime:0.001482s ]
INFO: [ app_end ] --END-- [ RunTime:0.001637s ]

[ 2017-08-28T16:24:57+08:00 ] 127.0.0.1 /index.php/Home/Login/welcome.html
INFO: [ app_begin ] --START--
INFO: Run Behavior\ReadHtmlCacheBehavior [ RunTime:0.000698s ]
INFO: [ app_begin ] --END-- [ RunTime:0.001200s ]
SQL: SHOW COLUMNS FROM `tbconfig2` [ RunTime:0.0053s ]
SQL: SELECT `pici` FROM `tbconfig2` LIMIT 1   [ RunTime:0.0004s ]
SQL: SHOW COLUMNS FROM `tballgrade` [ RunTime:0.0061s ]
SQL: SELECT * FROM `tballgrade` WHERE ( userid=6  and pici=2 ) LIMIT 1   [ RunTime:0.0005s ]
SQL: SELECT `timespan` FROM `tbconfig2` LIMIT 1   [ RunTime:0.0003s ]
INFO: [ view_parse ] --START--
INFO: [ template_filter ] --START--
INFO: Run Behavior\ContentReplaceBehavior [ RunTime:0.000070s ]
INFO: [ template_filter ] --END-- [ RunTime:0.000170s ]
INFO: Run Behavior\ParseTemplateBehavior [ RunTime:0.011018s ]
INFO: [ view_parse ] --END-- [ RunTime:0.011126s ]
INFO: [ view_filter ] --START--
INFO: Run Behavior\WriteHtmlCacheBehavior [ RunTime:0.000347s ]
INFO: [ view_filter ] --END-- [ RunTime:0.000394s ]
INFO: [ app_end ] --START--
INFO: Run Behavior\ShowPageTraceBehavior [ RunTime:0.000770s ]
INFO: [ app_end ] --END-- [ RunTime:0.000827s ]

[ 2017-08-28T16:25:53+08:00 ] 127.0.0.1 /index.php/Home/Login/welcome.html
INFO: [ app_begin ] --START--
INFO: Run Behavior\ReadHtmlCacheBehavior [ RunTime:0.000689s ]
INFO: [ app_begin ] --END-- [ RunTime:0.001174s ]
SQL: SHOW COLUMNS FROM `tbconfig2` [ RunTime:0.0077s ]
SQL: SELECT `pici` FROM `tbconfig2` LIMIT 1   [ RunTime:0.0005s ]
SQL: SHOW COLUMNS FROM `tballgrade` [ RunTime:0.0091s ]
SQL: SELECT * FROM `tballgrade` WHERE ( userid=6  and pici=2 ) LIMIT 1   [ RunTime:0.0007s ]
SQL: SELECT `timespan` FROM `tbconfig2` LIMIT 1   [ RunTime:0.0005s ]
INFO: [ view_parse ] --START--
INFO: [ template_filter ] --START--
INFO: Run Behavior\ContentReplaceBehavior [ RunTime:0.000119s ]
INFO: [ template_filter ] --END-- [ RunTime:0.000236s ]
INFO: Run Behavior\ParseTemplateBehavior [ RunTime:0.014832s ]
INFO: [ view_parse ] --END-- [ RunTime:0.014952s ]
INFO: [ view_filter ] --START--
INFO: Run Behavior\WriteHtmlCacheBehavior [ RunTime:0.000604s ]
INFO: [ view_filter ] --END-- [ RunTime:0.000691s ]
INFO: [ app_end ] --START--
INFO: Run Behavior\ShowPageTraceBehavior [ RunTime:0.001329s ]
INFO: [ app_end ] --END-- [ RunTime:0.001434s ]

[ 2017-08-28T16:31:34+08:00 ] 127.0.0.1 /index.php/Home/Login/__COTROLLER__/pwd
INFO: [ app_begin ] --START--
INFO: Run Behavior\ReadHtmlCacheBehavior [ RunTime:0.000755s ]
INFO: [ app_begin ] --END-- [ RunTime:0.001299s ]
ERR: 非法操作:__COTROLLER__

[ 2017-08-28T16:35:37+08:00 ] 127.0.0.1 /index.php/Home/Login/__COTROLLER__/pwd
INFO: [ app_begin ] --START--
INFO: Run Behavior\ReadHtmlCacheBehavior [ RunTime:0.000767s ]
INFO: [ app_begin ] --END-- [ RunTime:0.001306s ]
ERR: 非法操作:__COTROLLER__

[ 2017-08-28T16:35:40+08:00 ] 127.0.0.1 /index.php/Home/Login/__COTROLLER__/pwd
INFO: [ app_begin ] --START--
INFO: Run Behavior\ReadHtmlCacheBehavior [ RunTime:0.000737s ]
INFO: [ app_begin ] --END-- [ RunTime:0.001263s ]
ERR: 非法操作:__COTROLLER__

[ 2017-08-28T16:35:56+08:00 ] 127.0.0.1 /index.php/Home/Login/__COTROLLER__/pwd
INFO: [ app_begin ] --START--
INFO: Run Behavior\ReadHtmlCacheBehavior [ RunTime:0.000715s ]
INFO: [ app_begin ] --END-- [ RunTime:0.001229s ]
ERR: 非法操作:__COTROLLER__

[ 2017-08-28T16:35:56+08:00 ] 127.0.0.1 /index.php/Home/Login/__COTROLLER__/pwd
INFO: [ app_begin ] --START--
INFO: Run Behavior\ReadHtmlCacheBehavior [ RunTime:0.000894s ]
INFO: [ app_begin ] --END-- [ RunTime:0.001500s ]
ERR: 非法操作:__COTROLLER__

[ 2017-08-28T16:35:56+08:00 ] 127.0.0.1 /index.php/Home/Login/__COTROLLER__/pwd
INFO: [ app_begin ] --START--
INFO: Run Behavior\ReadHtmlCacheBehavior [ RunTime:0.000706s ]
INFO: [ app_begin ] --END-- [ RunTime:0.001200s ]
ERR: 非法操作:__COTROLLER__

[ 2017-08-28T16:35:56+08:00 ] 127.0.0.1 /index.php/Home/Login/__COTROLLER__/pwd
INFO: [ app_begin ] --START--
INFO: Run Behavior\ReadHtmlCacheBehavior [ RunTime:0.000704s ]
INFO: [ app_begin ] --END-- [ RunTime:0.001187s ]
ERR: 非法操作:__COTROLLER__

[ 2017-08-28T16:35:57+08:00 ] 127.0.0.1 /index.php/Home/Login/__COTROLLER__/pwd
INFO: [ app_begin ] --START--
INFO: Run Behavior\ReadHtmlCacheBehavior [ RunTime:0.000728s ]
INFO: [ app_begin ] --END-- [ RunTime:0.001218s ]
ERR: 非法操作:__COTROLLER__

[ 2017-08-28T16:35:57+08:00 ] 127.0.0.1 /index.php/Home/Login/__COTROLLER__/pwd
INFO: [ app_begin ] --START--
INFO: Run Behavior\ReadHtmlCacheBehavior [ RunTime:0.000713s ]
INFO: [ app_begin ] --END-- [ RunTime:0.001207s ]
ERR: 非法操作:__COTROLLER__

[ 2017-08-28T16:35:58+08:00 ] 127.0.0.1 /index.php/Home/Login/__COTROLLER__/pwd
INFO: [ app_begin ] --START--
INFO: Run Behavior\ReadHtmlCacheBehavior [ RunTime:0.000865s ]
INFO: [ app_begin ] --END-- [ RunTime:0.001347s ]
ERR: 非法操作:__COTROLLER__

[ 2017-08-28T16:35:58+08:00 ] 127.0.0.1 /index.php/Home/Login/__COTROLLER__/pwd
INFO: [ app_begin ] --START--
INFO: Run Behavior\ReadHtmlCacheBehavior [ RunTime:0.000688s ]
INFO: [ app_begin ] --END-- [ RunTime:0.001199s ]
ERR: 非法操作:__COTROLLER__

[ 2017-08-28T16:35:59+08:00 ] 127.0.0.1 /index.php/Home/Login/__COTROLLER__/pwd
INFO: [ app_begin ] --START--
INFO: Run Behavior\ReadHtmlCacheBehavior [ RunTime:0.000819s ]
INFO: [ app_begin ] --END-- [ RunTime:0.001356s ]
ERR: 非法操作:__COTROLLER__

[ 2017-08-28T16:35:59+08:00 ] 127.0.0.1 /index.php/Home/Login/__COTROLLER__/pwd
INFO: [ app_begin ] --START--
INFO: Run Behavior\ReadHtmlCacheBehavior [ RunTime:0.000767s ]
INFO: [ app_begin ] --END-- [ RunTime:0.001344s ]
ERR: 非法操作:__COTROLLER__

[ 2017-08-28T16:36:37+08:00 ] 127.0.0.1 /index.php/Home/Login/__COTROLLER__/pwd
INFO: [ app_begin ] --START--
INFO: Run Behavior\ReadHtmlCacheBehavior [ RunTime:0.000805s ]
INFO: [ app_begin ] --END-- [ RunTime:0.001299s ]
ERR: 非法操作:__COTROLLER__

[ 2017-08-28T16:38:46+08:00 ] 127.0.0.1 /index.php/Home/Login/__COTROLLER__/pwd
INFO: [ app_begin ] --START--
INFO: Run Behavior\ReadHtmlCacheBehavior [ RunTime:0.000716s ]
INFO: [ app_begin ] --END-- [ RunTime:0.001226s ]
ERR: 非法操作:__COTROLLER__

[ 2017-08-28T16:38:51+08:00 ] 127.0.0.1 /index.php/Home/Login/__COTROLLER__/pwd
INFO: [ app_begin ] --START--
INFO: Run Behavior\ReadHtmlCacheBehavior [ RunTime:0.000761s ]
INFO: [ app_begin ] --END-- [ RunTime:0.001264s ]
ERR: 非法操作:__COTROLLER__

[ 2017-08-28T16:38:53+08:00 ] 127.0.0.1 /index.php/Home/Login/__COTROLLER__/pwd
INFO: [ app_begin ] --START--
INFO: Run Behavior\ReadHtmlCacheBehavior [ RunTime:0.000690s ]
INFO: [ app_begin ] --END-- [ RunTime:0.001190s ]
ERR: 非法操作:__COTROLLER__

[ 2017-08-28T16:38:53+08:00 ] 127.0.0.1 /index.php/Home/Login/__COTROLLER__/pwd
INFO: [ app_begin ] --START--
INFO: Run Behavior\ReadHtmlCacheBehavior [ RunTime:0.000712s ]
INFO: [ app_begin ] --END-- [ RunTime:0.001234s ]
ERR: 非法操作:__COTROLLER__

[ 2017-08-28T16:38:55+08:00 ] 127.0.0.1 /index.php/Home/Login/__COTROLLER__/pwd
INFO: [ app_begin ] --START--
INFO: Run Behavior\ReadHtmlCacheBehavior [ RunTime:0.000735s ]
INFO: [ app_begin ] --END-- [ RunTime:0.001251s ]
ERR: 非法操作:__COTROLLER__

[ 2017-08-28T16:38:55+08:00 ] 127.0.0.1 /index.php/Home/Login/__COTROLLER__/pwd
INFO: [ app_begin ] --START--
INFO: Run Behavior\ReadHtmlCacheBehavior [ RunTime:0.000694s ]
INFO: [ app_begin ] --END-- [ RunTime:0.001170s ]
ERR: 非法操作:__COTROLLER__

[ 2017-08-28T16:40:01+08:00 ] 127.0.0.1 /index.php/Home/Login/__COTROLLER__/pwd
INFO: [ app_begin ] --START--
INFO: Run Behavior\ReadHtmlCacheBehavior [ RunTime:0.000714s ]
INFO: [ app_begin ] --END-- [ RunTime:0.001206s ]
ERR: 非法操作:__COTROLLER__

[ 2017-08-28T16:40:02+08:00 ] 127.0.0.1 /index.php/Home/Login/__COTROLLER__/pwd
INFO: [ app_begin ] --START--
INFO: Run Behavior\ReadHtmlCacheBehavior [ RunTime:0.000696s ]
INFO: [ app_begin ] --END-- [ RunTime:0.001186s ]
ERR: 非法操作:__COTROLLER__

[ 2017-08-28T16:40:02+08:00 ] 127.0.0.1 /index.php/Home/Login/__COTROLLER__/pwd
INFO: [ app_begin ] --START--
INFO: Run Behavior\ReadHtmlCacheBehavior [ RunTime:0.000698s ]
INFO: [ app_begin ] --END-- [ RunTime:0.001239s ]
ERR: 非法操作:__COTROLLER__

[ 2017-08-28T16:40:02+08:00 ] 127.0.0.1 /index.php/Home/Login/__COTROLLER__/pwd
INFO: [ app_begin ] --START--
INFO: Run Behavior\ReadHtmlCacheBehavior [ RunTime:0.000728s ]
INFO: [ app_begin ] --END-- [ RunTime:0.001223s ]
ERR: 非法操作:__COTROLLER__

[ 2017-08-28T16:41:52+08:00 ] 127.0.0.1 /index.php/Home/Login/__COTROLLER__/pwd
INFO: [ app_begin ] --START--
INFO: Run Behavior\ReadHtmlCacheBehavior [ RunTime:0.000770s ]
INFO: [ app_begin ] --END-- [ RunTime:0.001283s ]
ERR: 非法操作:__COTROLLER__

[ 2017-08-28T16:42:04+08:00 ] 127.0.0.1 /index.php/Home/Login/__COTROLLER__/pwd
INFO: [ app_begin ] --START--
INFO: Run Behavior\ReadHtmlCacheBehavior [ RunTime:0.000720s ]
INFO: [ app_begin ] --END-- [ RunTime:0.001207s ]
ERR: 非法操作:__COTROLLER__

[ 2017-08-28T21:17:21+08:00 ] 127.0.0.1 /index.php/Home/Index/success.html
ERR: 非法操作:success

